#
# A fatal error has been detected by the Java Runtime Environment:
#
#  EXCEPTION_ACCESS_VIOLATION (0xc0000005) at pc=0x101ee9c5, pid=6408, tid=4852
#
# JRE version: 6.0_24-b07
# Java VM: Java HotSpot(TM) Client VM (19.1-b02 mixed mode, sharing windows-x86 )
# Problematic frame:
# C  [nvd3dum.dll+0x1ee9c5]
#
# If you would like to submit a bug report, please visit:
#   http://java.sun.com/webapps/bugreport/crash.jsp
# The crash happened outside the Java Virtual Machine in native code.
# See problematic frame for where to report the bug.
#

---------------  T H R E A D  ---------------

Current thread (0x01ab1000):  JavaThread "AWT-Windows" daemon [_thread_in_native, id=4852, stack(0x04900000,0x04950000)]

siginfo: ExceptionCode=0xc0000005, writing address 0x04d78000

Registers:
EAX=0x04d78000, EBX=0x053c66cc, ECX=0x00000157, EDX=0x00000000
ESP=0x0494f648, EBP=0x04d60000, ESI=0x04d78000, EDI=0x053bc000
EIP=0x101ee9c5, EFLAGS=0x00010246

Register to memory mapping:

EAX=0x04d78000
0x04d78000 is pointing to unknown location

EBX=0x053c66cc
0x053c66cc is pointing to unknown location

ECX=0x00000157
0x00000157 is pointing to unknown location

EDX=0x00000000
0x00000000 is pointing to unknown location

ESP=0x0494f648
0x0494f648 is pointing into the stack for thread: 0x01ab1000
"AWT-Windows" daemon prio=6 tid=0x01ab1000 nid=0x12f4 runnable [0x0494f000]
   java.lang.Thread.State: RUNNABLE

EBP=0x04d60000
0x04d60000 is pointing to unknown location

ESI=0x04d78000
0x04d78000 is pointing to unknown location

EDI=0x053bc000
0x053bc000 is pointing to unknown location


Top of Stack: (sp=0x0494f648)
0x0494f648:   00000000 00000002 1019baa3 00000000
0x0494f658:   00000038 053bc000 0494f6ac 00000000
0x0494f668:   101e17cf 05944380 06d0fc00 00000000
0x0494f678:   00000000 00000000 06db5ec0 00000000
0x0494f688:   71f04852 053bc000 0494f69c 00000002
0x0494f698:   06db5ec0 00000002 00000000 00000000
0x0494f6a8:   00000000 0494f6dc 71f045b0 06dd7d1c
0x0494f6b8:   06db5ec0 06d82e20 00000002 0494f750 

Instructions: (pc=0x101ee9c5)
0x101ee9b5:   c6 01 89 b2 80 00 00 00 33 d2 8d 44 c5 00 8b f0
0x101ee9c5:   89 16 89 56 04 89 56 08 89 56 0c 89 56 10 89 56 


Stack: [0x04900000,0x04950000],  sp=0x0494f648,  free space=317k
Native frames: (J=compiled Java code, j=interpreted, Vv=VM code, C=native code)
C  [nvd3dum.dll+0x1ee9c5]

Java frames: (J=compiled Java code, j=interpreted, Vv=VM code)
j  sun.awt.windows.WToolkit.eventLoop()V+0
j  sun.awt.windows.WToolkit.run()V+52
j  java.lang.Thread.run()V+11
v  ~StubRoutines::call_stub

---------------  P R O C E S S  ---------------

Java Threads: ( => current thread )
  0x08e60c00 JavaThread "Timer-2" [_thread_blocked, id=8772, stack(0x0f120000,0x0f170000)]
  0x08da5800 JavaThread "Image Fetcher 0" daemon [_thread_blocked, id=6080, stack(0x0f080000,0x0f0d0000)]
  0x08da5400 JavaThread "D3D Screen Updater" daemon [_thread_blocked, id=4904, stack(0x09d30000,0x09d80000)]
  0x08da4c00 JavaThread "DestroyJavaVM" [_thread_blocked, id=5332, stack(0x015c0000,0x01610000)]
  0x08da4800 JavaThread "TimerQueue" daemon [_thread_blocked, id=4088, stack(0x09ce0000,0x09d30000)]
  0x08da4000 JavaThread "AWT-EventQueue-0" [_thread_blocked, id=5560, stack(0x09c90000,0x09ce0000)]
  0x08da3c00 JavaThread "AWT-Shutdown" [_thread_blocked, id=9272, stack(0x09c40000,0x09c90000)]
  0x08da3400 JavaThread "End" [_thread_blocked, id=7308, stack(0x09bf0000,0x09c40000)]
  0x08da3000 JavaThread "Truck" [_thread_blocked, id=8580, stack(0x09ba0000,0x09bf0000)]
  0x08da2800 JavaThread "Oven" [_thread_blocked, id=10008, stack(0x09b50000,0x09ba0000)]
  0x08da2400 JavaThread "Conveyor4_2" [_thread_blocked, id=6060, stack(0x09b00000,0x09b50000)]
  0x08da1c00 JavaThread "Conveyor4_1" [_thread_blocked, id=5056, stack(0x09ab0000,0x09b00000)]
  0x08da1800 JavaThread "TransferMediator3" [_thread_blocked, id=7400, stack(0x09a60000,0x09ab0000)]
  0x08da1000 JavaThread "UV Lamp" [_thread_blocked, id=5664, stack(0x09a10000,0x09a60000)]
  0x08da0c00 JavaThread "Washer" [_thread_blocked, id=5092, stack(0x099c0000,0x09a10000)]
  0x08da0400 JavaThread "Conveyor - 3C" [_thread_blocked, id=8436, stack(0x09970000,0x099c0000)]
  0x08da0000 JavaThread "Conveyor - 3B" [_thread_blocked, id=5300, stack(0x09920000,0x09970000)]
  0x08d9f800 JavaThread "Conveyor - 3A" [_thread_blocked, id=7720, stack(0x098d0000,0x09920000)]
  0x08d9f400 JavaThread "TransferPart2To3" [_thread_blocked, id=2752, stack(0x09880000,0x098d0000)]
  0x08d9ec00 JavaThread "PopupPart2_4" [_thread_blocked, id=9092, stack(0x09830000,0x09880000)]
  0x08d9e800 JavaThread "Grinder 2" [_thread_blocked, id=5992, stack(0x097e0000,0x09830000)]
  0x08d9e000 JavaThread "OperatorPart2_6" [_thread_blocked, id=3756, stack(0x09790000,0x097e0000)]
  0x08c1c800 JavaThread "ConveyorPart2_5" [_thread_blocked, id=4116, stack(0x09740000,0x09790000)]
  0x08c1c000 JavaThread "Manual Breakout" [_thread_blocked, id=2984, stack(0x096f0000,0x09740000)]
  0x08c1bc00 JavaThread "TruckPart2_6" [_thread_blocked, id=4848, stack(0x096a0000,0x096f0000)]
  0x08c1b400 JavaThread "Paint" [_thread_blocked, id=8760, stack(0x09650000,0x096a0000)]
  0x08c1b000 JavaThread "Grinder" [_thread_blocked, id=9876, stack(0x09600000,0x09650000)]
  0x08c1a800 JavaThread "Drill" [_thread_blocked, id=2140, stack(0x095b0000,0x09600000)]
  0x08c1a400 JavaThread "Cross Seamer" [_thread_blocked, id=7348, stack(0x09560000,0x095b0000)]
  0x08c19c00 JavaThread "TruckPart2_3" [_thread_blocked, id=7188, stack(0x09510000,0x09560000)]
  0x08c19800 JavaThread "TruckPart2_4" [_thread_blocked, id=10124, stack(0x094c0000,0x09510000)]
  0x08c19000 JavaThread "TruckPart2_2" [_thread_blocked, id=5512, stack(0x09470000,0x094c0000)]
  0x08c18c00 JavaThread "TruckPart2_1" [_thread_blocked, id=7584, stack(0x09420000,0x09470000)]
  0x08c18400 JavaThread "OperatorPart2_4" [_thread_blocked, id=9848, stack(0x093d0000,0x09420000)]
  0x08c18000 JavaThread "OperatorPart2_3" [_thread_blocked, id=2808, stack(0x09380000,0x093d0000)]
  0x08c17800 JavaThread "OperatorPart2_2" [_thread_blocked, id=2564, stack(0x09330000,0x09380000)]
  0x08c17400 JavaThread "OperatorPart2_1" [_thread_blocked, id=8828, stack(0x092e0000,0x09330000)]
  0x08c16c00 JavaThread "PopupPart2_2" [_thread_blocked, id=9096, stack(0x09290000,0x092e0000)]
  0x08c16800 JavaThread "PopupPart2_1" [_thread_blocked, id=9544, stack(0x09240000,0x09290000)]
  0x08c16000 JavaThread "ConveyorPart2_3" [_thread_blocked, id=3460, stack(0x091f0000,0x09240000)]
  0x08c15c00 JavaThread "ConveyorPart2_2" [_thread_blocked, id=4580, stack(0x091a0000,0x091f0000)]
  0x08c15400 JavaThread "ConveyorPart2_1" [_thread_blocked, id=4408, stack(0x048b0000,0x04900000)]
  0x08c15000 JavaThread "Conveyor - 1C" [_thread_blocked, id=10212, stack(0x09150000,0x091a0000)]
  0x08c12800 JavaThread "Conveyor - 1B" [_thread_blocked, id=5364, stack(0x09100000,0x09150000)]
  0x08c08000 JavaThread "Conveyor - 1A" [_thread_blocked, id=9964, stack(0x090b0000,0x09100000)]
  0x04d1fc00 JavaThread "Transfer 1" [_thread_blocked, id=8052, stack(0x09060000,0x090b0000)]
  0x04d1ec00 JavaThread "Breakout" [_thread_blocked, id=4668, stack(0x09010000,0x09060000)]
  0x04d1e400 JavaThread "NC_Cutter" [_thread_blocked, id=1732, stack(0x08fc0000,0x09010000)]
  0x04d1e000 JavaThread "Glass Robot" [_thread_blocked, id=4736, stack(0x08f70000,0x08fc0000)]
=>0x01ab1000 JavaThread "AWT-Windows" daemon [_thread_in_native, id=4852, stack(0x04900000,0x04950000)]
  0x01aae000 JavaThread "Java2D Disposer" daemon [_thread_in_native, id=5628, stack(0x04860000,0x048b0000)]
  0x01a67400 JavaThread "Low Memory Detector" daemon [_thread_blocked, id=6808, stack(0x04290000,0x042e0000)]
  0x01a63000 JavaThread "CompilerThread0" daemon [_thread_blocked, id=4184, stack(0x04240000,0x04290000)]
  0x01a62400 JavaThread "Attach Listener" daemon [_thread_blocked, id=7180, stack(0x041f0000,0x04240000)]
  0x01a62000 JavaThread "Signal Dispatcher" daemon [_thread_blocked, id=3048, stack(0x041a0000,0x041f0000)]
  0x01a4cc00 JavaThread "Finalizer" daemon [_thread_blocked, id=8220, stack(0x04150000,0x041a0000)]
  0x01a4b400 JavaThread "Reference Handler" daemon [_thread_blocked, id=7748, stack(0x04100000,0x04150000)]

Other Threads:
  0x01a0fc00 VMThread [stack: 0x040b0000,0x04100000] [id=8776]
  0x01a68000 WatcherThread [stack: 0x042e0000,0x04330000] [id=6700]

VM state:not at safepoint (normal execution)

VM Mutex/Monitor currently owned by a thread: None

Heap
 def new generation   total 18560K, used 257K [0x24000000, 0x25420000, 0x29550000)
  eden space 16512K,   1% used [0x24000000, 0x24040748, 0x25020000)
  from space 2048K,   0% used [0x25020000, 0x25020000, 0x25220000)
  to   space 2048K,   0% used [0x25220000, 0x25220000, 0x25420000)
 tenured generation   total 40812K, used 24548K [0x29550000, 0x2bd2b000, 0x34000000)
   the space 40812K,  60% used [0x29550000, 0x2ad49040, 0x2ad49200, 0x2bd2b000)
 compacting perm gen  total 12288K, used 2115K [0x34000000, 0x34c00000, 0x38000000)
   the space 12288K,  17% used [0x34000000, 0x34210eb0, 0x34211000, 0x34c00000)
    ro space 10240K,  51% used [0x38000000, 0x3852cf58, 0x3852d000, 0x38a00000)
    rw space 12288K,  54% used [0x38a00000, 0x39098f50, 0x39099000, 0x39600000)

Dynamic libraries:
0x00400000 - 0x00424000 	C:\Program Files\Java\jre6\bin\javaw.exe
0x77000000 - 0x77127000 	C:\Windows\system32\ntdll.dll
0x75ca0000 - 0x75d7b000 	C:\Windows\system32\kernel32.dll
0x75900000 - 0x759c6000 	C:\Windows\system32\ADVAPI32.dll
0x76250000 - 0x76312000 	C:\Windows\system32\RPCRT4.dll
0x76f40000 - 0x76fdd000 	C:\Windows\system32\USER32.dll
0x75b20000 - 0x75b6b000 	C:\Windows\system32\GDI32.dll
0x76fe0000 - 0x76ffe000 	C:\Windows\system32\IMM32.DLL
0x75b70000 - 0x75c38000 	C:\Windows\system32\MSCTF.dll
0x76090000 - 0x7613a000 	C:\Windows\system32\msvcrt.dll
0x77240000 - 0x77249000 	C:\Windows\system32\LPK.DLL
0x75880000 - 0x758fd000 	C:\Windows\system32\USP10.dll
0x7c340000 - 0x7c396000 	C:\Program Files\Java\jre6\bin\msvcr71.dll
0x6d7f0000 - 0x6da96000 	C:\Program Files\Java\jre6\bin\client\jvm.dll
0x737c0000 - 0x737f2000 	C:\Windows\system32\WINMM.dll
0x759d0000 - 0x75b14000 	C:\Windows\system32\ole32.dll
0x76140000 - 0x761cd000 	C:\Windows\system32\OLEAUT32.dll
0x73780000 - 0x737b9000 	C:\Windows\system32\OLEACC.dll
0x756b0000 - 0x756dc000 	C:\Windows\system32\apphelp.dll
0x6d7a0000 - 0x6d7ac000 	C:\Program Files\Java\jre6\bin\verify.dll
0x6d320000 - 0x6d33f000 	C:\Program Files\Java\jre6\bin\java.dll
0x6d280000 - 0x6d288000 	C:\Program Files\Java\jre6\bin\hpi.dll
0x757e0000 - 0x757e7000 	C:\Windows\system32\PSAPI.DLL
0x6d7e0000 - 0x6d7ef000 	C:\Program Files\Java\jre6\bin\zip.dll
0x6d000000 - 0x6d14a000 	C:\Program Files\Java\jre6\bin\awt.dll
0x73410000 - 0x73452000 	C:\Windows\system32\WINSPOOL.DRV
0x747f0000 - 0x7498e000 	C:\Windows\WinSxS\x86_microsoft.windows.common-controls_6595b64144ccf1df_6.0.6001.18523_none_5cdd65e20837faf2\COMCTL32.dll
0x75c40000 - 0x75c98000 	C:\Windows\system32\SHLWAPI.dll
0x73480000 - 0x7348c000 	C:\Windows\system32\DWMAPI.DLL
0x74560000 - 0x7459f000 	C:\Windows\system32\uxtheme.dll
0x723e0000 - 0x72449000 	C:\Windows\system32\IMKR12.IME
0x76320000 - 0x76e2f000 	C:\Windows\system32\SHELL32.dll
0x72150000 - 0x721eb000 	C:\Windows\WinSxS\x86_microsoft.vc80.crt_1fc8b3b9a1e18e3b_8.0.50727.4053_none_d08d7da0442a985d\MSVCR80.dll
0x720c0000 - 0x72147000 	C:\Windows\WinSxS\x86_microsoft.vc80.crt_1fc8b3b9a1e18e3b_8.0.50727.4053_none_d08d7da0442a985d\MSVCP80.dll
0x6d230000 - 0x6d27f000 	C:\Program Files\Java\jre6\bin\fontmanager.dll
0x71f00000 - 0x720ba000 	C:\Windows\system32\d3d9.dll
0x74ba0000 - 0x74ba8000 	C:\Windows\system32\VERSION.dll
0x724b0000 - 0x724b6000 	C:\Windows\system32\d3d8thk.dll
0x10000000 - 0x1054e000 	C:\Windows\system32\nvd3dum.dll
0x6d600000 - 0x6d613000 	C:\Program Files\Java\jre6\bin\net.dll
0x76f10000 - 0x76f3d000 	C:\Windows\system32\WS2_32.dll
0x77130000 - 0x77136000 	C:\Windows\system32\NSI.dll
0x74ec0000 - 0x74efb000 	C:\Windows\system32\mswsock.dll
0x74f30000 - 0x74f35000 	C:\Windows\System32\wship6.dll
0x6d620000 - 0x6d629000 	C:\Program Files\Java\jre6\bin\nio.dll
0x76e80000 - 0x76f04000 	C:\Windows\system32\CLBCatQ.DLL
0x6f840000 - 0x6f8da000 	C:\PROGRA~1\COMMON~1\MICROS~1\IME12\IMEKR\IMKRTIP.DLL
0x6f6e0000 - 0x6f785000 	C:\PROGRA~1\COMMON~1\MICROS~1\IME12\SHARED\IMETIP.DLL
0x6f810000 - 0x6f832000 	C:\PROGRA~1\COMMON~1\MICROS~1\IME12\IMEKR\IMKRAPI.DLL
0x6f7e0000 - 0x6f80c000 	C:\PROGRA~1\COMMON~1\MICROS~1\IME12\SHARED\IMJKAPI.DLL
0x08a40000 - 0x08a49000 	C:\Program Files\LG Software\On Screen Display\MgHookDll.dll
0x6eba0000 - 0x6ecaf000 	C:\Windows\WinSxS\x86_microsoft.vc80.mfc_1fc8b3b9a1e18e3b_8.0.50727.762_none_0c178a139ee2a7ed\MFC80.DLL
0x6e5e0000 - 0x6e5ec000 	C:\Windows\WinSxS\x86_microsoft.vc80.mfcloc_1fc8b3b9a1e18e3b_8.0.50727.762_none_43efccf17831d131\MFC80KOR.DLL

VM Arguments:
jvm_args: -Dfile.encoding=Cp1252 
java_command: factory.panels.Application
Launcher Type: SUN_STANDARD

Environment Variables:
CLASSPATH=.;C:\Program Files\QuickTime\QTSystem\QTJava.zip
PATH=C:/Program Files/Java/jre6/bin/client;C:/Program Files/Java/jre6/bin;C:/Program Files/Java/jre6/lib/i386;C:\Windows\system32;C:\Windows;C:\Windows\System32\Wbem;C:\Program Files\ESTsoft\ALZip;C:\Program Files\QuickTime\QTSystem\;C:\Program Files\ESTsoft\ALZip;C:\Modeltech_pe_edu_10.0\win32pe_edu
USERNAME=user
OS=Windows_NT
PROCESSOR_IDENTIFIER=x86 Family 6 Model 23 Stepping 6, GenuineIntel



---------------  S Y S T E M  ---------------

OS: Windows Vista Build 6001 Service Pack 1

CPU:total 2 (2 cores per cpu, 1 threads per core) family 6 model 23 stepping 6, cmov, cx8, fxsr, mmx, sse, sse2, sse3, ssse3, sse4.1

Memory: 4k page, physical 3142964k(1258420k free), swap 6489852k(4438820k free)

vm_info: Java HotSpot(TM) Client VM (19.1-b02) for windows-x86 JRE (1.6.0_24-b07), built on Feb  2 2011 17:44:41 by "java_re" with MS VC++ 7.1 (VS2003)

time: Sun Apr 24 16:40:22 2011
elapsed time: 53 seconds

