#
# A fatal error has been detected by the Java Runtime Environment:
#
#  EXCEPTION_ACCESS_VIOLATION (0xc0000005) at pc=0x101ee9c5, pid=5348, tid=7544
#
# JRE version: 6.0_24-b07
# Java VM: Java HotSpot(TM) Client VM (19.1-b02 mixed mode, sharing windows-x86 )
# Problematic frame:
# C  [nvd3dum.dll+0x1ee9c5]
#
# If you would like to submit a bug report, please visit:
#   http://java.sun.com/webapps/bugreport/crash.jsp
# The crash happened outside the Java Virtual Machine in native code.
# See problematic frame for where to report the bug.
#

---------------  T H R E A D  ---------------

Current thread (0x01b4a400):  JavaThread "AWT-Windows" daemon [_thread_in_native, id=7544, stack(0x048d0000,0x04920000)]

siginfo: ExceptionCode=0xc0000005, writing address 0x04c98000

Registers:
EAX=0x04c98000, EBX=0x051b6794, ECX=0x00000161, EDX=0x00000000
ESP=0x0491f490, EBP=0x04c80000, ESI=0x04c98000, EDI=0x051ac000
EIP=0x101ee9c5, EFLAGS=0x00010246

Register to memory mapping:

EAX=0x04c98000
0x04c98000 is pointing to unknown location

EBX=0x051b6794
0x051b6794 is pointing to unknown location

ECX=0x00000161
0x00000161 is pointing to unknown location

EDX=0x00000000
0x00000000 is pointing to unknown location

ESP=0x0491f490
0x0491f490 is pointing into the stack for thread: 0x01b4a400
"AWT-Windows" daemon prio=6 tid=0x01b4a400 nid=0x1d78 runnable [0x0491f000]
   java.lang.Thread.State: RUNNABLE

EBP=0x04c80000
0x04c80000 is pointing to unknown location

ESI=0x04c98000
0x04c98000 is pointing to unknown location

EDI=0x051ac000
0x051ac000 is pointing to unknown location


Top of Stack: (sp=0x0491f490)
0x0491f490:   00000000 0000000c 1019baa3 00000000
0x0491f4a0:   00000150 051ac000 0491f4f4 00000000
0x0491f4b0:   101e17cf 05734380 06affc00 00000000
0x0491f4c0:   00000000 00000000 06ba5ec0 00000000
0x0491f4d0:   71f04852 051ac000 0491f4e4 0000000c
0x0491f4e0:   06ba5ec0 0000000c 00000000 00000000
0x0491f4f0:   00000000 0491f524 71f045b0 06bc7e34
0x0491f500:   06ba5ec0 06b72e20 00000004 77065883 

Instructions: (pc=0x101ee9c5)
0x101ee9b5:   c6 01 89 b2 80 00 00 00 33 d2 8d 44 c5 00 8b f0
0x101ee9c5:   89 16 89 56 04 89 56 08 89 56 0c 89 56 10 89 56 


Stack: [0x048d0000,0x04920000],  sp=0x0491f490,  free space=317k
Native frames: (J=compiled Java code, j=interpreted, Vv=VM code, C=native code)
C  [nvd3dum.dll+0x1ee9c5]

Java frames: (J=compiled Java code, j=interpreted, Vv=VM code)
j  sun.awt.windows.WToolkit.eventLoop()V+0
j  sun.awt.windows.WToolkit.run()V+52
j  java.lang.Thread.run()V+11
v  ~StubRoutines::call_stub

---------------  P R O C E S S  ---------------

Java Threads: ( => current thread )
  0x08ece400 JavaThread "D3D Screen Updater" daemon [_thread_blocked, id=8400, stack(0x09dc0000,0x09e10000)]
  0x08ecdc00 JavaThread "DestroyJavaVM" [_thread_blocked, id=9056, stack(0x00230000,0x00280000)]
  0x08ecd800 JavaThread "TimerQueue" daemon [_thread_blocked, id=5172, stack(0x09d70000,0x09dc0000)]
  0x08ecd000 JavaThread "AWT-EventQueue-0" [_thread_blocked, id=3948, stack(0x09d20000,0x09d70000)]
  0x08eccc00 JavaThread "AWT-Shutdown" [_thread_blocked, id=9816, stack(0x09cd0000,0x09d20000)]
  0x08ecc400 JavaThread "End" [_thread_blocked, id=6224, stack(0x09c80000,0x09cd0000)]
  0x08ecc000 JavaThread "Truck" [_thread_blocked, id=7708, stack(0x09c30000,0x09c80000)]
  0x08ecb800 JavaThread "Oven" [_thread_blocked, id=9664, stack(0x09be0000,0x09c30000)]
  0x08ecb400 JavaThread "Conveyor4_2" [_thread_blocked, id=4812, stack(0x09b90000,0x09be0000)]
  0x08ecac00 JavaThread "Conveyor4_1" [_thread_blocked, id=6376, stack(0x09b40000,0x09b90000)]
  0x08eca800 JavaThread "TransferMediator3" [_thread_blocked, id=10184, stack(0x09af0000,0x09b40000)]
  0x08eca000 JavaThread "UV Lamp" [_thread_blocked, id=8724, stack(0x09aa0000,0x09af0000)]
  0x08df8000 JavaThread "Washer" [_thread_blocked, id=8768, stack(0x09a50000,0x09aa0000)]
  0x08df7c00 JavaThread "Conveyor - 3C" [_thread_blocked, id=2976, stack(0x09a00000,0x09a50000)]
  0x08df7400 JavaThread "Conveyor - 3B" [_thread_blocked, id=3704, stack(0x099b0000,0x09a00000)]
  0x08df7000 JavaThread "Conveyor - 3A" [_thread_blocked, id=8716, stack(0x09960000,0x099b0000)]
  0x08df6800 JavaThread "TransferPart2To3" [_thread_blocked, id=5672, stack(0x09910000,0x09960000)]
  0x08df6400 JavaThread "PopupPart2_4" [_thread_blocked, id=4768, stack(0x098c0000,0x09910000)]
  0x08df5c00 JavaThread "Grinder 2" [_thread_blocked, id=6628, stack(0x09870000,0x098c0000)]
  0x08df5800 JavaThread "OperatorPart2_6" [_thread_blocked, id=7920, stack(0x09820000,0x09870000)]
  0x08df5000 JavaThread "ConveyorPart2_5" [_thread_blocked, id=6828, stack(0x097d0000,0x09820000)]
  0x08df4c00 JavaThread "Manual Breakout" [_thread_blocked, id=9628, stack(0x09780000,0x097d0000)]
  0x08df4400 JavaThread "TruckPart2_6" [_thread_blocked, id=6716, stack(0x09730000,0x09780000)]
  0x08df4000 JavaThread "Paint" [_thread_blocked, id=3564, stack(0x096e0000,0x09730000)]
  0x08df3800 JavaThread "Grinder" [_thread_blocked, id=5004, stack(0x09690000,0x096e0000)]
  0x08df3400 JavaThread "Drill" [_thread_blocked, id=5936, stack(0x09640000,0x09690000)]
  0x08df2c00 JavaThread "Cross Seamer" [_thread_blocked, id=4976, stack(0x095f0000,0x09640000)]
  0x08df2800 JavaThread "TruckPart2_3" [_thread_blocked, id=3288, stack(0x095a0000,0x095f0000)]
  0x08df2000 JavaThread "TruckPart2_4" [_thread_blocked, id=6020, stack(0x09550000,0x095a0000)]
  0x08df1c00 JavaThread "TruckPart2_2" [_thread_blocked, id=2800, stack(0x09500000,0x09550000)]
  0x08df1400 JavaThread "TruckPart2_1" [_thread_blocked, id=6048, stack(0x094b0000,0x09500000)]
  0x08df1000 JavaThread "OperatorPart2_4" [_thread_blocked, id=4624, stack(0x09460000,0x094b0000)]
  0x08df0800 JavaThread "OperatorPart2_3" [_thread_blocked, id=5640, stack(0x09410000,0x09460000)]
  0x01b50800 JavaThread "OperatorPart2_2" [_thread_blocked, id=7084, stack(0x093c0000,0x09410000)]
  0x01b50400 JavaThread "OperatorPart2_1" [_thread_blocked, id=5860, stack(0x09370000,0x093c0000)]
  0x01b4fc00 JavaThread "PopupPart2_2" [_thread_blocked, id=8764, stack(0x09320000,0x09370000)]
  0x01b4f800 JavaThread "PopupPart2_1" [_thread_blocked, id=6568, stack(0x092d0000,0x09320000)]
  0x01b4f000 JavaThread "ConveyorPart2_3" [_thread_blocked, id=7292, stack(0x09280000,0x092d0000)]
  0x01b4ec00 JavaThread "ConveyorPart2_2" [_thread_blocked, id=10220, stack(0x09230000,0x09280000)]
  0x01b49c00 JavaThread "ConveyorPart2_1" [_thread_blocked, id=6836, stack(0x04430000,0x04480000)]
  0x01b4e400 JavaThread "Conveyor - 1C" [_thread_blocked, id=7200, stack(0x091e0000,0x09230000)]
  0x01b4e000 JavaThread "Conveyor - 1B" [_thread_blocked, id=7324, stack(0x09190000,0x091e0000)]
  0x01b4d800 JavaThread "Conveyor - 1A" [_thread_blocked, id=520, stack(0x09140000,0x09190000)]
  0x01b4d400 JavaThread "Transfer 1" [_thread_blocked, id=9216, stack(0x090f0000,0x09140000)]
  0x01b4cc00 JavaThread "Breakout" [_thread_blocked, id=5568, stack(0x090a0000,0x090f0000)]
  0x01b4c800 JavaThread "NC_Cutter" [_thread_blocked, id=7224, stack(0x09050000,0x090a0000)]
  0x01b4c000 JavaThread "Glass Robot" [_thread_blocked, id=7804, stack(0x09000000,0x09050000)]
=>0x01b4a400 JavaThread "AWT-Windows" daemon [_thread_in_native, id=7544, stack(0x048d0000,0x04920000)]
  0x01b49800 JavaThread "Java2D Disposer" daemon [_thread_in_native, id=8412, stack(0x043e0000,0x04430000)]
  0x01b49000 JavaThread "Low Memory Detector" daemon [_thread_blocked, id=7636, stack(0x04290000,0x042e0000)]
  0x01b2c800 JavaThread "CompilerThread0" daemon [_thread_blocked, id=4912, stack(0x04240000,0x04290000)]
  0x01b2b400 JavaThread "Attach Listener" daemon [_thread_blocked, id=5948, stack(0x041f0000,0x04240000)]
  0x01b2a800 JavaThread "Signal Dispatcher" daemon [_thread_blocked, id=5856, stack(0x041a0000,0x041f0000)]
  0x01b20000 JavaThread "Finalizer" daemon [_thread_blocked, id=6500, stack(0x04150000,0x041a0000)]
  0x01b1b400 JavaThread "Reference Handler" daemon [_thread_blocked, id=7132, stack(0x04100000,0x04150000)]

Other Threads:
  0x01adfc00 VMThread [stack: 0x040b0000,0x04100000] [id=9988]
  0x01b32c00 WatcherThread [stack: 0x042e0000,0x04330000] [id=7048]

VM state:not at safepoint (normal execution)

VM Mutex/Monitor currently owned by a thread: None

Heap
 def new generation   total 17664K, used 229K [0x24000000, 0x25320000, 0x29550000)
  eden space 15744K,   1% used [0x24000000, 0x24039570, 0x24f60000)
  from space 1920K,   0% used [0x24f60000, 0x24f60000, 0x25140000)
  to   space 1920K,   0% used [0x25140000, 0x25140000, 0x25320000)
 tenured generation   total 38732K, used 23237K [0x29550000, 0x2bb23000, 0x34000000)
   the space 38732K,  59% used [0x29550000, 0x2ac01508, 0x2ac01600, 0x2bb23000)
 compacting perm gen  total 12288K, used 2070K [0x34000000, 0x34c00000, 0x38000000)
   the space 12288K,  16% used [0x34000000, 0x34205b30, 0x34205c00, 0x34c00000)
    ro space 10240K,  51% used [0x38000000, 0x3852cf58, 0x3852d000, 0x38a00000)
    rw space 12288K,  54% used [0x38a00000, 0x39098f50, 0x39099000, 0x39600000)

Dynamic libraries:
0x00400000 - 0x00424000 	C:\Program Files\Java\jre6\bin\javaw.exe
0x77000000 - 0x77127000 	C:\Windows\system32\ntdll.dll
0x75ca0000 - 0x75d7b000 	C:\Windows\system32\kernel32.dll
0x75900000 - 0x759c6000 	C:\Windows\system32\ADVAPI32.dll
0x76250000 - 0x76312000 	C:\Windows\system32\RPCRT4.dll
0x76f40000 - 0x76fdd000 	C:\Windows\system32\USER32.dll
0x75b20000 - 0x75b6b000 	C:\Windows\system32\GDI32.dll
0x76fe0000 - 0x76ffe000 	C:\Windows\system32\IMM32.DLL
0x75b70000 - 0x75c38000 	C:\Windows\system32\MSCTF.dll
0x76090000 - 0x7613a000 	C:\Windows\system32\msvcrt.dll
0x77240000 - 0x77249000 	C:\Windows\system32\LPK.DLL
0x75880000 - 0x758fd000 	C:\Windows\system32\USP10.dll
0x7c340000 - 0x7c396000 	C:\Program Files\Java\jre6\bin\msvcr71.dll
0x6d7f0000 - 0x6da96000 	C:\Program Files\Java\jre6\bin\client\jvm.dll
0x737c0000 - 0x737f2000 	C:\Windows\system32\WINMM.dll
0x759d0000 - 0x75b14000 	C:\Windows\system32\ole32.dll
0x76140000 - 0x761cd000 	C:\Windows\system32\OLEAUT32.dll
0x73780000 - 0x737b9000 	C:\Windows\system32\OLEACC.dll
0x756b0000 - 0x756dc000 	C:\Windows\system32\apphelp.dll
0x6d7a0000 - 0x6d7ac000 	C:\Program Files\Java\jre6\bin\verify.dll
0x6d320000 - 0x6d33f000 	C:\Program Files\Java\jre6\bin\java.dll
0x6d280000 - 0x6d288000 	C:\Program Files\Java\jre6\bin\hpi.dll
0x757e0000 - 0x757e7000 	C:\Windows\system32\PSAPI.DLL
0x6d7e0000 - 0x6d7ef000 	C:\Program Files\Java\jre6\bin\zip.dll
0x6d000000 - 0x6d14a000 	C:\Program Files\Java\jre6\bin\awt.dll
0x73410000 - 0x73452000 	C:\Windows\system32\WINSPOOL.DRV
0x747f0000 - 0x7498e000 	C:\Windows\WinSxS\x86_microsoft.windows.common-controls_6595b64144ccf1df_6.0.6001.18523_none_5cdd65e20837faf2\COMCTL32.dll
0x75c40000 - 0x75c98000 	C:\Windows\system32\SHLWAPI.dll
0x73480000 - 0x7348c000 	C:\Windows\system32\DWMAPI.DLL
0x74560000 - 0x7459f000 	C:\Windows\system32\uxtheme.dll
0x723e0000 - 0x72449000 	C:\Windows\system32\IMKR12.IME
0x76320000 - 0x76e2f000 	C:\Windows\system32\SHELL32.dll
0x72150000 - 0x721eb000 	C:\Windows\WinSxS\x86_microsoft.vc80.crt_1fc8b3b9a1e18e3b_8.0.50727.4053_none_d08d7da0442a985d\MSVCR80.dll
0x720c0000 - 0x72147000 	C:\Windows\WinSxS\x86_microsoft.vc80.crt_1fc8b3b9a1e18e3b_8.0.50727.4053_none_d08d7da0442a985d\MSVCP80.dll
0x6d230000 - 0x6d27f000 	C:\Program Files\Java\jre6\bin\fontmanager.dll
0x71f00000 - 0x720ba000 	C:\Windows\system32\d3d9.dll
0x74ba0000 - 0x74ba8000 	C:\Windows\system32\VERSION.dll
0x724b0000 - 0x724b6000 	C:\Windows\system32\d3d8thk.dll
0x10000000 - 0x1054e000 	C:\Windows\system32\nvd3dum.dll
0x6d600000 - 0x6d613000 	C:\Program Files\Java\jre6\bin\net.dll
0x76f10000 - 0x76f3d000 	C:\Windows\system32\WS2_32.dll
0x77130000 - 0x77136000 	C:\Windows\system32\NSI.dll
0x74ec0000 - 0x74efb000 	C:\Windows\system32\mswsock.dll
0x74f30000 - 0x74f35000 	C:\Windows\System32\wship6.dll
0x6d620000 - 0x6d629000 	C:\Program Files\Java\jre6\bin\nio.dll
0x76e80000 - 0x76f04000 	C:\Windows\system32\CLBCatQ.DLL
0x6f840000 - 0x6f8da000 	C:\PROGRA~1\COMMON~1\MICROS~1\IME12\IMEKR\IMKRTIP.DLL
0x6f6e0000 - 0x6f785000 	C:\PROGRA~1\COMMON~1\MICROS~1\IME12\SHARED\IMETIP.DLL
0x6f810000 - 0x6f832000 	C:\PROGRA~1\COMMON~1\MICROS~1\IME12\IMEKR\IMKRAPI.DLL
0x6f7e0000 - 0x6f80c000 	C:\PROGRA~1\COMMON~1\MICROS~1\IME12\SHARED\IMJKAPI.DLL
0x08ac0000 - 0x08ac9000 	C:\Program Files\LG Software\On Screen Display\MgHookDll.dll
0x6eba0000 - 0x6ecaf000 	C:\Windows\WinSxS\x86_microsoft.vc80.mfc_1fc8b3b9a1e18e3b_8.0.50727.762_none_0c178a139ee2a7ed\MFC80.DLL
0x6e5e0000 - 0x6e5ec000 	C:\Windows\WinSxS\x86_microsoft.vc80.mfcloc_1fc8b3b9a1e18e3b_8.0.50727.762_none_43efccf17831d131\MFC80KOR.DLL

VM Arguments:
jvm_args: -Dfile.encoding=Cp1252 
java_command: factory.panels.Application
Launcher Type: SUN_STANDARD

Environment Variables:
CLASSPATH=.;C:\Program Files\QuickTime\QTSystem\QTJava.zip
PATH=C:/Program Files/Java/jre6/bin/client;C:/Program Files/Java/jre6/bin;C:/Program Files/Java/jre6/lib/i386;C:\Windows\system32;C:\Windows;C:\Windows\System32\Wbem;C:\Program Files\ESTsoft\ALZip;C:\Program Files\QuickTime\QTSystem\;C:\Program Files\ESTsoft\ALZip;C:\Modeltech_pe_edu_10.0\win32pe_edu
USERNAME=user
OS=Windows_NT
PROCESSOR_IDENTIFIER=x86 Family 6 Model 23 Stepping 6, GenuineIntel



---------------  S Y S T E M  ---------------

OS: Windows Vista Build 6001 Service Pack 1

CPU:total 2 (2 cores per cpu, 1 threads per core) family 6 model 23 stepping 6, cmov, cx8, fxsr, mmx, sse, sse2, sse3, ssse3, sse4.1

Memory: 4k page, physical 3142964k(1297268k free), swap 6489852k(4446684k free)

vm_info: Java HotSpot(TM) Client VM (19.1-b02) for windows-x86 JRE (1.6.0_24-b07), built on Feb  2 2011 17:44:41 by "java_re" with MS VC++ 7.1 (VS2003)

time: Sun Apr 24 15:47:16 2011
elapsed time: 13 seconds

